<?xml version="1.0" encoding="UTF-8"?>
<!-- Generated by org.testng.reporters.JUnitReportReporter -->
<testsuite hostname="DESKTOP-CR1TGAA" failures="0" tests="1" name="org.hrms.base.BasePackage" time="0.047" errors="0" timestamp="2020-01-01T17:01:52 IST" skipped="0">
  <testcase classname="org.hrms.base.BasePackage" name="test" time="0.047"/>
</testsuite> <!-- org.hrms.base.BasePackage -->
