<?xml version="1.0" encoding="UTF-8"?>
<!-- Generated by org.testng.reporters.JUnitReportReporter -->
<testsuite hostname="DESKTOP-CR1TGAA" failures="0" tests="1" name="com.hrms.testcase.admin.LoginAdmin" time="6.237" errors="0" timestamp="2020-01-04T23:35:57 IST" skipped="0">
  <testcase classname="com.hrms.testcase.admin.LoginAdmin" name="AdminLogin" time="6.237"/>
</testsuite> <!-- com.hrms.testcase.admin.LoginAdmin -->
