<?xml version="1.0" encoding="UTF-8"?>
<!-- Generated by org.testng.reporters.JUnitReportReporter -->
<testsuite hostname="DESKTOP-CR1TGAA" failures="0" tests="2" name="com.hrms.testcase.admin.TestData" time="0.124" errors="0" timestamp="2020-01-05T22:18:45 IST" skipped="0">
  <testcase classname="com.hrms.testcase.admin.TestData" name="Test" time="0.119"/>
  <testcase classname="com.hrms.testcase.admin.TestData" name="test1" time="0.005"/>
</testsuite> <!-- com.hrms.testcase.admin.TestData -->
